1
UPDATE amc_proc_solicitud_informacion SET secretaria_estado=''  WHERE id = '';

1
UPDATE amc_proc_solicitud_informacion SET secretaria_estado=''  WHERE id = '';

1
UPDATE amc_proc_solicitud_informacion SET secretaria_sitra_respuesta='fasdf', 
            secretaria_observacion=''
            WHERE id = '2';

1
UPDATE amc_proc_solicitud_informacion SET secretaria_sitra_respuesta='fasdf', 
            secretaria_observacion=''
            WHERE id = '2';

1
UPDATE amc_proc_solicitud_informacion SET secretaria_sitra_respuesta='fasdf', 
            secretaria_observacion=''
            WHERE id = '2';

1
UPDATE amc_proc_solicitud_informacion SET secretaria_sitra_respuesta='fasdf', 
            secretaria_observacion=''
            WHERE id = '2';

1
UPDATE amc_proc_solicitud_informacion SET secretaria_sitra_respuesta='fasdf', 
            secretaria_observacion='asdfasdfa'
            WHERE id = '2';

1
UPDATE amc_proc_solicitud_informacion SET secretaria_sitra_respuesta='fasdf', 
            secretaria_observacion='asdfasdfa'
            WHERE id = '2';

1
UPDATE amc_proc_solicitud_informacion SET secretaria_sitra_respuesta='Memo 001', 
            secretaria_observacion='listo'
            WHERE id = '2';

1
UPDATE amc_proc_solicitud_informacion SET secretaria_sitra_respuesta='Memo 001', 
            secretaria_observacion='listo'
            WHERE id = '2';

1
UPDATE amc_proc_solicitud_informacion SET secretaria_estado='Finalizado' , secretaria_fecha_finalizado = '2020-10-26 12:53:34'  WHERE id = '1';

1
UPDATE amc_proc_solicitud_informacion SET secretaria_estado='Finalizado' , secretaria_fecha_finalizado = '2020-10-26 13:43:25'  WHERE id = '57';

1
UPDATE amc_proc_solicitud_informacion SET secretaria_estado='En proceso' , secretaria_fecha_inicio = '2020-10-26 13:44:59', secretaria_id_secretaria = '1' WHERE id = '1';

1
UPDATE amc_proc_solicitud_informacion SET secretaria_estado='En proceso' , secretaria_fecha_inicio = '2020-10-26 13:45:57', secretaria_id_secretaria = '1' WHERE id = '56';

1
UPDATE amc_proc_solicitud_informacion SET secretaria_estado='Finalizado' , secretaria_fecha_finalizado = '2020-10-26 13:46:24'  WHERE id = '56';

1
UPDATE amc_proc_solicitud_informacion SET secretaria_estado='En proceso' , secretaria_fecha_inicio = '2020-10-26 13:48:46', secretaria_id_secretaria = '1' WHERE id = '1';

1
UPDATE amc_proc_solicitud_informacion SET secretaria_estado='Finalizado' , secretaria_fecha_finalizado = '2020-10-26 13:48:56'  WHERE id = '1';

1
UPDATE amc_proc_solicitud_informacion SET secretaria_estado='En proceso' , secretaria_fecha_inicio = '2020-10-26 13:49:09', secretaria_id_secretaria = '1' WHERE id = '2';

1
UPDATE amc_proc_solicitud_informacion SET secretaria_estado='En proceso' , secretaria_fecha_inicio = '2020-10-26 13:51:21', secretaria_id_secretaria = '1' WHERE id = '1';

1
UPDATE amc_proc_solicitud_informacion SET secretaria_estado='Finalizado' , secretaria_fecha_finalizado = '2020-10-26 13:53:27'  WHERE id = '1';

1
UPDATE amc_proc_solicitud_informacion SET secretaria_estado=''  WHERE id = '';

1
UPDATE amc_proc_solicitud_informacion SET secretaria_estado=''  WHERE id = '';

1
UPDATE amc_proc_solicitud_informacion SET secretaria_estado='En proceso' , secretaria_fecha_inicio = '2020-10-26 13:54:34', secretaria_id_secretaria = '1' WHERE id = '2';

1
UPDATE amc_proc_solicitud_informacion SET secretaria_estado='Emitido'  WHERE id = '2';

1
UPDATE amc_proc_solicitud_informacion SET secretaria_estado=''  WHERE id = '';

1
UPDATE amc_proc_solicitud_informacion SET secretaria_estado='En proceso' , secretaria_fecha_inicio = '2020-10-27 08:18:45', secretaria_id_secretaria = '1' WHERE id = '57';

1
UPDATE amc_proc_solicitud_informacion SET secretaria_estado='Emitido'  WHERE id = '57';

1
UPDATE amc_proc_solicitud_informacion SET secretaria_estado='En proceso' , secretaria_fecha_inicio = '2020-10-27 08:19:46', secretaria_id_secretaria = '1' WHERE id = '57';

1
UPDATE amc_proc_solicitud_informacion SET secretaria_estado='En proceso' , secretaria_fecha_inicio = '2020-10-27 08:28:21', secretaria_id_secretaria = '1' WHERE id = '58';

1
UPDATE amc_proc_solicitud_informacion SET secretaria_sitra_respuesta='fasdfas', 
            secretaria_observacion='asdfasdfas'
            WHERE id = '58';

1
UPDATE amc_proc_solicitud_informacion SET secretaria_sitra_respuesta='fasdfas', 
            secretaria_observacion='asdfasdfas'
            WHERE id = '58';

1
UPDATE amc_proc_solicitud_informacion SET secretaria_estado=''  WHERE id = '';

1
UPDATE amc_proc_solicitud_informacion SET secretaria_estado=''  WHERE id = '';

1
UPDATE amc_proc_solicitud_informacion SET secretaria_estado='En proceso' , secretaria_fecha_inicio = '2020-10-27 09:21:15', secretaria_id_secretaria = '1' WHERE id = '1';

1
UPDATE amc_proc_solicitud_informacion SET secretaria_estado='Finalizado' , secretaria_fecha_finalizado = '2020-10-27 09:39:53'  WHERE id = '58';

1
UPDATE amc_proc_solicitud_informacion SET secretaria_estado=''  WHERE id = '';

1
UPDATE amc_proc_solicitud_informacion SET secretaria_estado='Finalizado' , secretaria_fecha_finalizado = '2020-10-27 09:41:33'  WHERE id = '58';

1
UPDATE amc_proc_solicitud_informacion SET secretaria_estado=''  WHERE id = '';

1
UPDATE amc_proc_solicitud_informacion SET secretaria_estado='En proceso' , secretaria_fecha_inicio = '2020-10-27 09:42:59', secretaria_id_secretaria = '1' WHERE id = '1';

1
UPDATE amc_proc_solicitud_informacion SET secretaria_estado='En proceso' , secretaria_fecha_inicio = '2020-10-27 09:43:22', secretaria_id_secretaria = '1' WHERE id = '2';

1
UPDATE amc_proc_solicitud_informacion SET secretaria_estado='En proceso' , secretaria_fecha_inicio = '2020-10-27 09:43:28', secretaria_id_secretaria = '1' WHERE id = '3';

1
UPDATE amc_proc_solicitud_informacion SET secretaria_sitra_respuesta='AFASDF', 
            secretaria_observacion='ASDFASDF'
            WHERE id = '2';

1
UPDATE amc_proc_solicitud_detalle SET secretaria_estado=''  WHERE id = '59';

1
UPDATE amc_proc_solicitud_detalle SET secretaria_estado=''  WHERE id = '59';

1
UPDATE amc_proc_solicitud_detalle SET secretaria_estado=''  WHERE id = '59';

1
UPDATE amc_proc_solicitud_detalle SET secretaria_estado=''  WHERE id = '59';

1
UPDATE amc_proc_solicitud_detalle SET secretaria_estado=''  WHERE id = '59';

1
UPDATE amc_proc_solicitud_detalle SET secretaria_estado=''  WHERE id = '59';

1
UPDATE amc_proc_solicitud_detalle SET secretaria_estado=''  WHERE id = '59';

1
UPDATE amc_proc_solicitud_detalle SET secretaria_estado=''  WHERE id = '59';

1
UPDATE amc_proc_solicitud_detalle SET secretaria_estado=''  WHERE id = '59';

1
UPDATE amc_proc_solicitud_detalle SET secretaria_estado=''  WHERE id = '59';

1
UPDATE amc_proc_solicitud_detalle SET secretaria_estado=''  WHERE id = '59';

1
UPDATE amc_proc_solicitud_detalle SET  contenido = ' Lorem ipsum dolor sit amet, consessctetur adipiscing elit. Pellentesque mattis sapien eu enim vulputate, vitae tincidunt quam sodales. Aenean aliquet ex vel consectetur hendrerit. Etiam eget vestibulum dui. Fusce turpis justo, placerat in gravida id, mollis eu quam. Donec ultricies pulvinar ligula et dignissim. Mauris facilisis lacus in lobortis placerat. Maecenas ultrices scelerisque est a malesuada. Duis luctus ante eget cursus lobortis. Nunc mattis finibus scelerisque. Nam finibus molestie pulvinar. Nunc et neque at leo pellentesque condimentum ac vitae quam. Maecenas urna ipsum, lacinia sed turpis eget, ultricies tincidunt diam. Quisque hendrerit orci quis lorem imperdiet luctus.Etiam at lobortis magna, et tempor nulla. In congue, est finibus egestas imperdiet, nulla quam iaculis risus, id rhoncus lorem nisi in enim. Proin tempor, magna quis auctor suscipit, lacus eros egestas ex, a malesuada lorem dui non enim. Sed libero augue, aliquam ac nunc sit amet, scelerisque sollicitudin metus. Sed turpis quam, egestas ut nulla ut, congue porta mauris. Duis dapibus ultricies ipsum nec varius. Pellentesque fermentum, elit eget tempus luctus, leo purus suscipit leo, a varius velit tellus eu ex. ',fecha_envio = '2020-10-27T14:19:20'  WHERE id = '59' 

1
UPDATE amc_proc_solicitud_informacion SET secretaria_estado='Emitido'  WHERE id = '1';

1
UPDATE amc_proc_solicitud_informacion SET secretaria_estado='En proceso' , secretaria_fecha_inicio = '2020-10-28 16:10:11', secretaria_id_secretaria = '1' WHERE id = '1';

1
UPDATE amc_proc_solicitud_informacion SET secretaria_estado='En proceso' , secretaria_fecha_inicio = '2020-10-28 16:10:34', secretaria_id_secretaria = '1' WHERE id = '56';

1
UPDATE amc_proc_solicitud_informacion SET secretaria_estado='Emitido'  WHERE id = '56';

1
UPDATE amc_proc_solicitud_informacion SET secretaria_estado='Emitido'  WHERE id = '1';

1
UPDATE amc_proc_solicitud_informacion SET secretaria_estado='Finalizado' , secretaria_fecha_finalizado = '2020-10-28 16:17:21'  WHERE id = '2';

1
UPDATE amc_proc_solicitud_detalle SET estado_envio = 'Enviado'
            WHERE id = '59';

1
UPDATE amc_proc_solicitud_detalle SET estado_envio = 'Enviado'
            WHERE id = '61';

1
UPDATE amc_proc_solicitud_detalle SET estado_envio = 'Enviado'
                WHERE id = '59';

1
UPDATE amc_proc_solicitud_detalle SET estado_envio = 'Enviado'
                WHERE id = '59';

1
UPDATE amc_proc_solicitud_detalle SET estado_envio = 'Enviado'
                WHERE id = '61';

1
UPDATE amc_proc_solicitud_detalle SET estado_envio = 'Enviado'
                WHERE id = '62';

1
UPDATE amc_proc_solicitud_detalle SET estado_envio = 'Enviado'
                WHERE id = '61';

1
UPDATE amc_proc_solicitud_detalle SET estado_envio = 'Enviado'
                WHERE id = '59';

1
UPDATE amc_proc_solicitud_detalle SET estado_envio = 'Enviado'
                WHERE id = '59';

1
UPDATE amc_proc_solicitud_detalle SET estado_envio = 'Enviado'
                WHERE id = '59';

1
UPDATE amc_proc_solicitud_detalle SET estado_envio = 'Enviado'
                WHERE id = '59';

1
UPDATE amc_proc_solicitud_detalle SET estado_envio = 'Enviado'
                WHERE id = '59';

1
UPDATE amc_proc_solicitud_detalle SET estado_envio = 'Enviado'
                WHERE id = '61';

1
UPDATE amc_proc_solicitud_detalle SET estado_envio = 'Enviado'
                WHERE id = '59';

1
UPDATE amc_proc_solicitud_detalle SET estado_envio = 'Enviado'
                WHERE id = '61';

1
UPDATE amc_proc_solicitud_detalle SET estado_envio = 'Enviado'
                WHERE id = '59';

1
UPDATE amc_proc_solicitud_detalle SET estado_envio = 'Enviado'
                WHERE id = '61';

1
UPDATE amc_proc_solicitud_detalle SET estado_envio = 'Enviado'
                WHERE id = '59';

1
UPDATE amc_proc_solicitud_detalle SET estado_envio = 'Enviado'
                WHERE id = '59';

1
UPDATE amc_proc_solicitud_detalle SET estado_envio = 'Enviado'
                WHERE id = '59';

1


1
UPDATE amc_proc_solicitud_detalle SET estado_envio = 'Enviado'
                WHERE id = '61';

1
UPDATE amc_proc_solicitud_informacion SET secretaria_estado='En proceso' , secretaria_fecha_inicio = '2020-11-04 14:06:54', secretaria_id_secretaria = '1' WHERE id = '1';

1
UPDATE amc_proc_solicitud_detalle SET estado_envio = 'Enviado'
                WHERE id = '63';

1
UPDATE amc_proc_solicitud_detalle SET estado_envio = 'Enviado'
                WHERE id = '64';

1
UPDATE amc_proc_solicitud_detalle SET estado_envio = 'Enviado'
                WHERE id = '65';

1
UPDATE amc_proc_solicitud_detalle SET estado_envio = 'Enviado',  fecha_envio = NOW()
                WHERE id = '65';

1
UPDATE amc_proc_solicitud_detalle SET estado_envio = 'Enviado',  fecha_envio = NOW()
                WHERE id = '61';

1


1


1


1
UPDATE amc_proc_solicitud_detalle SET estado_envio = 'Enviado',  fecha_envio = NOW()
                WHERE id = '59';

1
UPDATE amc_proc_solicitud_detalle SET estado_envio = 'Enviado',  fecha_envio = NOW()
                WHERE id = '59';

1


1
UPDATE amc_proc_solicitud_detalle SET estado_envio = 'Enviado',  fecha_envio = NOW()
                WHERE id = '65';

1
UPDATE amc_proc_solicitud_detalle SET estado_envio = 'Enviado',  fecha_envio = NOW()
                WHERE id = '61';

1
UPDATE amc_proc_solicitud_informacion SET secretaria_estado='Emitido'  WHERE id = '1';

1
UPDATE amc_proc_solicitud_informacion SET secretaria_estado='Emitido'  WHERE id = '3';

1
UPDATE amc_proc_solicitud_informacion SET secretaria_estado='En proceso' , secretaria_fecha_inicio = '2020-11-05 11:46:40', secretaria_id_secretaria = '1' WHERE id = '1';

1
UPDATE amc_proc_solicitud_informacion SET secretaria_estado='Emitido'  WHERE id = '1';

1
UPDATE amc_proc_solicitud_informacion SET secretaria_estado='En proceso' , secretaria_fecha_inicio = '2020-11-05 11:47:17', secretaria_id_secretaria = '1' WHERE id = '1';

1
UPDATE amc_proc_solicitud_informacion SET secretaria_estado='Emitido'  WHERE id = '1';

1
UPDATE amc_proc_solicitud_informacion SET secretaria_estado='En proceso' , secretaria_fecha_inicio = '2020-11-05 11:47:36', secretaria_id_secretaria = '1' WHERE id = '1';

1
UPDATE amc_proc_solicitud_informacion SET secretaria_estado='Emitido'  WHERE id = '1';

1
UPDATE amc_proc_solicitud_informacion SET secretaria_estado='En proceso' , secretaria_fecha_inicio = '2020-11-05 11:49:25', secretaria_id_secretaria = '1' WHERE id = '1';

1
UPDATE amc_proc_solicitud_informacion SET secretaria_estado='Emitido'  WHERE id = '1';

1
UPDATE amc_proc_solicitud_informacion SET secretaria_estado='En proceso' , secretaria_fecha_inicio = '2020-11-05 11:49:43', secretaria_id_secretaria = '1' WHERE id = '3';

1
UPDATE amc_proc_solicitud_informacion SET secretaria_estado='En proceso' , secretaria_fecha_inicio = '2020-11-05 11:50:04', secretaria_id_secretaria = '1' WHERE id = '1';

1
UPDATE amc_proc_solicitud_informacion SET secretaria_estado='Emitido'  WHERE id = '1';

1
UPDATE amc_proc_solicitud_informacion SET secretaria_estado='En proceso' , secretaria_fecha_inicio = '2020-11-05 11:50:37', secretaria_id_secretaria = '1' WHERE id = '1';

1
UPDATE amc_proc_solicitud_informacion SET secretaria_estado='Emitido'  WHERE id = '1';

1
UPDATE amc_proc_solicitud_informacion SET secretaria_estado='En proceso' , secretaria_fecha_inicio = '2020-11-05 11:59:15', secretaria_id_secretaria = '1' WHERE id = '1';

1
UPDATE amc_proc_solicitud_informacion SET secretaria_estado='Emitido'  WHERE id = '1';

1
UPDATE amc_proc_solicitud_informacion SET secretaria_estado='Emitido'  WHERE id = '3';

1
UPDATE amc_proc_solicitud_informacion SET secretaria_estado='En proceso' , secretaria_fecha_inicio = '2020-11-05 12:06:09', secretaria_id_secretaria = '1' WHERE id = '1';

1
UPDATE amc_proc_solicitud_informacion SET secretaria_estado=''  WHERE id = '';

1
UPDATE amc_proc_solicitud_informacion SET secretaria_estado='En proceso' , secretaria_fecha_inicio = '2020-11-05 12:10:59', secretaria_id_secretaria = '1' WHERE id = '56';

1
UPDATE amc_proc_solicitud_informacion SET secretaria_estado=''  WHERE id = '';

1
UPDATE amc_proc_solicitud_informacion SET secretaria_estado='En proceso' , secretaria_fecha_inicio = '2020-11-05 15:31:10', secretaria_id_secretaria = '1' WHERE id = '1';

1
UPDATE amc_proc_solicitud_informacion SET secretaria_estado=''  WHERE id = '';

1
UPDATE amc_proc_solicitud_informacion SET secretaria_estado='Emitido'  WHERE id = '1';

1
UPDATE amc_proc_solicitud_informacion SET secretaria_estado='Emitido'  WHERE id = '1';

1
UPDATE amc_proc_solicitud_informacion SET secretaria_estado='Emitido'  WHERE id = '1';

1
UPDATE amc_proc_solicitud_informacion SET secretaria_estado='En proceso' , secretaria_fecha_inicio = '2020-11-05 16:36:44', secretaria_id_secretaria = '1' WHERE id = '1';

1
UPDATE amc_proc_solicitud_informacion SET secretaria_estado='Emitido'  WHERE id = '1';

1
UPDATE amc_proc_solicitud_informacion SET secretaria_estado='Emitido'  WHERE id = '1';

1
UPDATE amc_proc_solicitud_informacion SET secretaria_estado='En proceso' , secretaria_fecha_inicio = '2020-11-06 08:19:34', secretaria_id_secretaria = '1' WHERE id = '1';

1
UPDATE amc_proc_solicitud_informacion SET secretaria_estado='Emitido'  WHERE id = '1';

1
UPDATE amc_proc_solicitud_informacion SET secretaria_estado='Emitido'  WHERE id = '1';

1
UPDATE amc_proc_solicitud_informacion SET secretaria_estado='Emitido'  WHERE id = '1';

1
UPDATE amc_proc_solicitud_informacion SET secretaria_estado='Emitido'  WHERE id = '1';

1
UPDATE amc_proc_solicitud_informacion SET secretaria_estado='En proceso' , secretaria_fecha_inicio = '2020-11-06 08:21:52', secretaria_id_secretaria = '1' WHERE id = '1';

1
UPDATE amc_proc_solicitud_informacion SET secretaria_estado='Emitido'  WHERE id = '1';

1
UPDATE amc_proc_solicitud_informacion SET secretaria_estado='En proceso' , secretaria_fecha_inicio = '2020-11-06 08:22:03', secretaria_id_secretaria = '1' WHERE id = '1';

1
UPDATE amc_proc_solicitud_informacion SET secretaria_estado='Emitido'  WHERE id = '1';

1
UPDATE amc_proc_solicitud_informacion SET secretaria_estado='En proceso' , secretaria_fecha_inicio = '2020-11-06 08:22:42', secretaria_id_secretaria = '1' WHERE id = '1';

1
UPDATE amc_proc_solicitud_informacion SET secretaria_estado='Emitido'  WHERE id = '1';

1
UPDATE amc_proc_solicitud_informacion SET secretaria_estado='En proceso' , secretaria_fecha_inicio = '2020-11-06 08:22:56', secretaria_id_secretaria = '1' WHERE id = '1';

1
UPDATE amc_proc_solicitud_informacion SET secretaria_estado='Emitido'  WHERE id = '1';

1
UPDATE amc_proc_solicitud_informacion SET secretaria_estado='Emitido'  WHERE id = '1';

1
UPDATE amc_proc_solicitud_informacion SET secretaria_estado='Emitido'  WHERE id = '1';

1
UPDATE amc_proc_solicitud_informacion SET secretaria_estado='Emitido'  WHERE id = '1';

1
UPDATE amc_proc_solicitud_informacion SET secretaria_estado='Emitido'  WHERE id = '1';

1
UPDATE amc_proc_solicitud_informacion SET secretaria_estado='En proceso' , secretaria_fecha_inicio = '2020-11-06 09:12:30', secretaria_id_secretaria = '1' WHERE id = '1';

1
UPDATE amc_proc_solicitud_informacion SET secretaria_estado='Emitido'  WHERE id = '1';

1
UPDATE amc_proc_solicitud_informacion SET secretaria_estado='Emitido'  WHERE id = '1';

1
UPDATE amc_proc_solicitud_informacion SET secretaria_estado='Emitido'  WHERE id = '1';

1
UPDATE amc_proc_solicitud_informacion SET secretaria_estado='Emitido'  WHERE id = '1';

1
UPDATE amc_proc_solicitud_informacion SET secretaria_estado='Emitido'  WHERE id = '1';

1
UPDATE amc_proc_solicitud_informacion SET secretaria_estado='Emitido'  WHERE id = '1';

1
UPDATE amc_proc_solicitud_informacion SET secretaria_estado='Emitido'  WHERE id = '1';

1
UPDATE amc_proc_solicitud_informacion SET secretaria_estado='Emitido'  WHERE id = '1';

1
UPDATE amc_proc_solicitud_informacion SET secretaria_estado='Emitido'  WHERE id = '1';

1
UPDATE amc_proc_solicitud_informacion SET secretaria_estado='En proceso' , secretaria_fecha_inicio = '2020-11-06 09:23:24', secretaria_id_secretaria = '1' WHERE id = '1';

1
UPDATE amc_proc_solicitud_informacion SET secretaria_estado='En proceso' , secretaria_fecha_inicio = '2020-11-06 09:23:28', secretaria_id_secretaria = '1' WHERE id = '1';

1
UPDATE amc_proc_solicitud_detalle SET estado_envio = 'Enviado',  fecha_envio = NOW()
                WHERE id = '65';

1
UPDATE amc_proc_solicitud_informacion SET secretaria_estado='En proceso' , secretaria_fecha_inicio = '2020-11-06 09:29:11', secretaria_id_secretaria = '1' WHERE id = '1';

1
UPDATE amc_proc_solicitud_informacion SET secretaria_estado='En proceso' , secretaria_fecha_inicio = '2020-11-06 09:29:37', secretaria_id_secretaria = '1' WHERE id = '1';

1
UPDATE amc_proc_solicitud_informacion SET secretaria_estado='En proceso' , secretaria_fecha_inicio = '2020-11-06 09:36:44', secretaria_id_secretaria = '1' WHERE id = '1';

1
UPDATE amc_proc_solicitud_informacion SET secretaria_estado='En proceso' , secretaria_fecha_inicio = '2020-11-06 09:37:02', secretaria_id_secretaria = '1' WHERE id = '1';

1
UPDATE amc_proc_solicitud_informacion SET secretaria_estado='En proceso' , secretaria_fecha_inicio = '2020-11-06 09:37:50', secretaria_id_secretaria = '1' WHERE id = '1';

1
UPDATE amc_proc_solicitud_informacion SET secretaria_estado='En proceso' , secretaria_fecha_inicio = '2020-11-06 09:38:00', secretaria_id_secretaria = '1' WHERE id = '1';

1
UPDATE amc_proc_solicitud_informacion SET secretaria_estado='En proceso' , secretaria_fecha_inicio = '2020-11-06 09:42:09', secretaria_id_secretaria = '1' WHERE id = '1';

1
UPDATE amc_proc_solicitud_informacion SET secretaria_estado='En proceso' , secretaria_fecha_inicio = '2020-11-06 09:42:16', secretaria_id_secretaria = '1' WHERE id = '1';

1
UPDATE amc_proc_solicitud_informacion SET secretaria_estado='En proceso' , secretaria_fecha_inicio = '2020-11-06 09:42:40', secretaria_id_secretaria = '1' WHERE id = '2';

1
UPDATE amc_proc_solicitud_informacion SET secretaria_estado='En proceso' , secretaria_fecha_inicio = '2020-11-06 09:42:44', secretaria_id_secretaria = '1' WHERE id = '2';

1
UPDATE amc_proc_solicitud_informacion SET secretaria_sitra_respuesta='asdfa', 
            secretaria_observacion='test'
            WHERE id = '1';

1
UPDATE amc_proc_solicitud_informacion SET secretaria_estado='Finalizado' , secretaria_fecha_finalizado = '2020-11-06 09:43:12'  WHERE id = '1';

1
UPDATE amc_proc_solicitud_informacion SET secretaria_estado='En proceso' , secretaria_fecha_inicio = '2020-11-06 10:00:02', secretaria_id_secretaria = '1' WHERE id = '3';

1
UPDATE amc_proc_solicitud_detalle SET estado_envio = 'Enviado',  fecha_envio = NOW()
                WHERE id = '63';

1
UPDATE amc_proc_solicitud_informacion SET secretaria_estado='En proceso' , secretaria_fecha_inicio = '2020-11-06 12:34:51', secretaria_id_secretaria = '1' WHERE id = '2';

1
UPDATE amc_proc_solicitud_informacion SET secretaria_estado='En proceso' , secretaria_fecha_inicio = '2020-11-06 14:10:30', secretaria_id_secretaria = '1' WHERE id = '56';

1
UPDATE amc_proc_solicitud_detalle SET estado_envio = 'Enviado',  fecha_envio = NOW()
                WHERE id = '64';

1
UPDATE amc_proc_solicitud_informacion SET secretaria_estado='En proceso' , secretaria_fecha_inicio = '2020-11-06 14:11:41', secretaria_id_secretaria = '1' WHERE id = '56';

1
UPDATE amc_proc_solicitud_informacion SET secretaria_estado='En proceso' , secretaria_fecha_inicio = '2020-11-06 14:12:10', secretaria_id_secretaria = '1' WHERE id = '3';

1
UPDATE amc_proc_solicitud_informacion SET secretaria_sitra_respuesta='amc .d d ', 
            secretaria_observacion=' test'
            WHERE id = '3';

1
UPDATE amc_proc_solicitud_informacion SET secretaria_estado='Finalizado' , secretaria_fecha_finalizado = '2020-11-06 14:12:23'  WHERE id = '3';

1
UPDATE amc_proc_solicitud_informacion SET secretaria_estado='En proceso' , secretaria_fecha_inicio = '2020-11-06 15:35:01', secretaria_id_secretaria = '1' WHERE id = '1';

1
UPDATE amc_proc_solicitud_detalle SET estado_envio = 'Enviado',  fecha_envio = NOW()
                WHERE id = '65';

1
UPDATE amc_proc_solicitud_informacion SET secretaria_estado='En proceso' , secretaria_fecha_inicio = '2020-11-06 15:44:56', secretaria_id_secretaria = '1' WHERE id = '2';

1
UPDATE amc_proc_solicitud_detalle SET estado_envio = 'Enviado',  fecha_envio = NOW()
                WHERE id = '66';

1
UPDATE amc_proc_solicitud_informacion SET secretaria_estado='En proceso' , secretaria_fecha_inicio = '2020-11-06 15:48:33', secretaria_id_secretaria = '1' WHERE id = '2';

1
UPDATE amc_proc_solicitud_informacion SET secretaria_sitra_respuesta='asdfads', 
            secretaria_observacion='111111111'
            WHERE id = '2';

1
UPDATE amc_proc_solicitud_informacion SET secretaria_estado='En proceso' , secretaria_fecha_inicio = '2020-11-06 15:51:01', secretaria_id_secretaria = '1' WHERE id = '1';

1
UPDATE amc_proc_solicitud_detalle SET estado_envio = 'Enviado',  fecha_envio = NOW()
                WHERE id = '65';

1
UPDATE amc_proc_solicitud_detalle SET estado_envio = 'Enviado',  fecha_envio = NOW()
                WHERE id = '61';

1
UPDATE amc_proc_solicitud_informacion SET secretaria_sitra_respuesta='asdfasdf asdf ', 
            secretaria_observacion='test'
            WHERE id = '1';

1
UPDATE amc_proc_solicitud_informacion SET secretaria_estado='Finalizado' , secretaria_fecha_finalizado = '2020-11-06 16:35:04'  WHERE id = '1';

1
UPDATE amc_proc_solicitud_informacion SET secretaria_estado='En proceso' , secretaria_fecha_inicio = '2020-11-06 16:35:08', secretaria_id_secretaria = '1' WHERE id = '2';

1
UPDATE amc_proc_solicitud_informacion SET secretaria_estado='En proceso' , secretaria_fecha_inicio = '2020-11-06 16:35:30', secretaria_id_secretaria = '1' WHERE id = '2';

1
UPDATE amc_proc_solicitud_detalle SET estado_envio = 'Enviado',  fecha_envio = NOW()
                WHERE id = '68';

1
UPDATE amc_proc_solicitud_informacion SET secretaria_estado='En proceso' , secretaria_fecha_inicio = '2020-11-06 16:36:03', secretaria_id_secretaria = '1' WHERE id = '2';

1
UPDATE amc_proc_solicitud_informacion SET secretaria_estado='En proceso' , secretaria_fecha_inicio = '2020-11-06 16:37:23', secretaria_id_secretaria = '1' WHERE id = '3';

1
UPDATE amc_proc_solicitud_informacion SET secretaria_estado='En proceso' , secretaria_fecha_inicio = '2020-11-06 16:37:28', secretaria_id_secretaria = '1' WHERE id = '3';

1
UPDATE amc_proc_solicitud_informacion SET secretaria_estado='En proceso' , secretaria_fecha_inicio = '2020-11-06 16:47:27', secretaria_id_secretaria = '1' WHERE id = '1';

1
UPDATE amc_proc_solicitud_detalle SET estado_envio = 'Enviado',  fecha_envio = NOW()
                WHERE id = '65';

1
UPDATE amc_proc_solicitud_detalle SET estado_envio = 'Enviado',  fecha_envio = NOW()
                WHERE id = '61';

1
UPDATE amc_proc_solicitud_informacion SET secretaria_sitra_respuesta='num sitra', 
            secretaria_observacion='n/a'
            WHERE id = '1';

1
UPDATE amc_proc_solicitud_informacion SET secretaria_estado='Finalizado' , secretaria_fecha_finalizado = '2020-11-06 16:49:28'  WHERE id = '1';

1
UPDATE amc_proc_solicitud_informacion SET secretaria_estado='En proceso' , secretaria_fecha_inicio = '2020-11-06 16:52:34', secretaria_id_secretaria = '1' WHERE id = '58';

1
UPDATE amc_proc_solicitud_detalle SET estado_envio = 'Enviado',  fecha_envio = NOW()
                WHERE id = '69';

1
UPDATE amc_proc_solicitud_informacion SET secretaria_sitra_respuesta='n/a', 
            secretaria_observacion='FALTO CEDUAL '
            WHERE id = '58';

1
UPDATE amc_proc_solicitud_informacion SET secretaria_estado='En proceso' , secretaria_fecha_inicio = '2020-11-10 12:37:10', secretaria_id_secretaria = '1' WHERE id = '2';

1
UPDATE amc_proc_solicitud_detalle SET estado_envio = 'Enviado',  fecha_envio = NOW()
                WHERE id = '68';

1
UPDATE amc_proc_solicitud_detalle SET estado_envio = 'Enviado',  fecha_envio = NOW()
                WHERE id = '66';

1
UPDATE amc_proc_solicitud_informacion SET secretaria_sitra_respuesta='sitra asdfadsf ', 
            secretaria_observacion='n7a'
            WHERE id = '2';

1
UPDATE amc_proc_solicitud_informacion SET secretaria_estado='Finalizado' , secretaria_fecha_finalizado = '2020-11-10 12:39:18'  WHERE id = '2';

1
UPDATE amc_proc_solicitud_informacion SET secretaria_estado='En proceso' , secretaria_fecha_inicio = '2020-11-11 14:42:14', secretaria_id_secretaria = '1' WHERE id = '3';

1
UPDATE amc_proc_solicitud_informacion SET secretaria_estado='En proceso' , secretaria_fecha_inicio = '2020-11-11 14:44:28', secretaria_id_secretaria = '1' WHERE id = '56';

1
UPDATE amc_proc_solicitud_informacion SET secretaria_estado='En proceso' , secretaria_fecha_inicio = '2020-11-11 14:51:31', secretaria_id_secretaria = '1' WHERE id = '1';

1
UPDATE amc_proc_solicitud_informacion SET secretaria_estado='En proceso' , secretaria_fecha_inicio = '2020-11-11 14:51:51', secretaria_id_secretaria = '1' WHERE id = '1';

1
UPDATE amc_proc_solicitud_informacion SET secretaria_estado='En proceso' , secretaria_fecha_inicio = '2020-11-11 14:52:37', secretaria_id_secretaria = '1' WHERE id = '2';

1
UPDATE amc_proc_solicitud_informacion SET secretaria_estado='En proceso' , secretaria_fecha_inicio = '2020-11-11 14:53:27', secretaria_id_secretaria = '1' WHERE id = '3';

1
UPDATE amc_proc_solicitud_informacion SET secretaria_estado='En proceso' , secretaria_fecha_inicio = '2020-11-11 15:00:05', secretaria_id_secretaria = '1' WHERE id = '1';

1
UPDATE amc_proc_solicitud_informacion SET secretaria_estado='En proceso' , secretaria_fecha_inicio = '2020-11-11 15:00:15', secretaria_id_secretaria = '1' WHERE id = '2';

1
UPDATE amc_proc_solicitud_informacion SET secretaria_estado='En proceso' , secretaria_fecha_inicio = '2020-11-11 15:00:38', secretaria_id_secretaria = '1' WHERE id = '2';

1
UPDATE amc_proc_solicitud_informacion SET secretaria_estado='En proceso' , secretaria_fecha_inicio = '2020-11-11 15:01:45', secretaria_id_secretaria = '1' WHERE id = '3';

1
UPDATE amc_proc_solicitud_informacion SET secretaria_estado='En proceso' , secretaria_fecha_inicio = '2020-11-11 15:01:52', secretaria_id_secretaria = '1' WHERE id = '3';

1
UPDATE amc_proc_solicitud_informacion SET secretaria_estado='Finalizado' , secretaria_fecha_finalizado = '2020-11-11 15:02:01'  WHERE id = '1';

1
UPDATE amc_proc_solicitud_informacion SET secretaria_estado='En proceso' , secretaria_fecha_inicio = '2020-11-11 15:04:06', secretaria_id_secretaria = '1' WHERE id = '56';

1
UPDATE amc_proc_solicitud_informacion SET secretaria_estado='En proceso' , secretaria_fecha_inicio = '2020-11-11 15:04:17', secretaria_id_secretaria = '1' WHERE id = '56';

1
UPDATE amc_proc_solicitud_informacion SET secretaria_estado='Finalizado' , secretaria_fecha_finalizado = '2020-11-11 15:05:49'  WHERE id = '2';

1
UPDATE amc_proc_solicitud_informacion SET secretaria_estado='En proceso' , secretaria_fecha_inicio = '2020-12-10 09:02:35', secretaria_id_secretaria = '1' WHERE id = '1';

1
UPDATE amc_proc_solicitud_informacion SET secretaria_sitra_respuesta='n/a', 
            secretaria_observacion='fue contestado'
            WHERE id = '1';

1
UPDATE amc_proc_solicitud_detalle SET estado_envio = 'Enviado',  fecha_envio = NOW()
                WHERE id = '61';

1
UPDATE amc_proc_solicitud_detalle SET estado_envio = 'Enviado',  fecha_envio = NOW()
                WHERE id = '62';

1
UPDATE amc_proc_solicitud_informacion SET secretaria_estado='Finalizado' , secretaria_fecha_finalizado = '2020-12-10 09:06:45'  WHERE id = '1';

