1
 UPDATE amc_proc_reconocimineto_responsabilidad 
             SET etapa = '',
                 estado = '',
                 codigo_sitra = '',
                 observacion_sitra = ''
              WHERE id = ''; 

1
 UPDATE amc_proc_reconocimineto_responsabilidad 
             SET etapa = '',
                 estado = '',
                 codigo_sitra = '',
                 observacion_sitra = ''
              WHERE id = ''; 

1
 UPDATE amc_proc_reconocimineto_responsabilidad 
             SET etapa = '',
                 estado = '',
                 codigo_sitra = '',
                 observacion_sitra = ''
              WHERE id = ''; 

1
 UPDATE amc_proc_reconocimineto_responsabilidad 
             SET etapa = '',
                 estado = '',
                 codigo_sitra = '',
                 observacion_sitra = ''
              WHERE id = ''; 

1
 UPDATE amc_proc_reconocimineto_responsabilidad 
             SET etapa = '',
                 estado = '',
                 codigo_sitra = '',
                 observacion_sitra = ''
              WHERE id = ''; 

1
 UPDATE amc_proc_reconocimineto_responsabilidad 
             SET etapa = '',
                 estado = '',
                 codigo_sitra = '',
                 observacion_sitra = ''
              WHERE id = ''; 

1
 UPDATE amc_proc_reconocimineto_responsabilidad 
             SET etapa = '',
                 estado = '',
                 codigo_sitra = '',
                 observacion_sitra = ''
              WHERE id = ''; 

1
 UPDATE amc_proc_reconocimineto_responsabilidad 
             SET etapa = '',
                 estado = '',
                 codigo_sitra = '',
                 observacion_sitra = ''
              WHERE id = ''; 

1
 UPDATE amc_proc_reconocimineto_responsabilidad 
             SET etapa = '',
                 estado = '',
                 codigo_sitra = '',
                 observacion_sitra = ''
              WHERE id = ''; 

1
 UPDATE amc_proc_reconocimineto_responsabilidad 
             SET etapa = '',
                 estado = '',
                 codigo_sitra = '',
                 observacion_sitra = ''
              WHERE id = ''; 

1
 UPDATE amc_proc_reconocimineto_responsabilidad 
             SET etapa = '',
                 estado = '',
                 codigo_sitra = '',
                 observacion_sitra = ''
              WHERE id = ''; 

1
 UPDATE amc_proc_reconocimineto_responsabilidad 
             SET etapa = '',
                 estado = '',
                 codigo_sitra = '',
                 observacion_sitra = ''
              WHERE id = ''; 

1
 UPDATE amc_proc_reconocimineto_responsabilidad 
             SET etapa = '',
                 estado = '',
                 codigo_sitra = '',
                 observacion_sitra = ''
              WHERE id = ''; 

